[34mINFO[0m[2018-11-22 17:59:29.702379] Conductor says hello, loading config          [34mconfig[0m=pipeline.conf [34mdebug[0m=false [34mfluentd[0m= [34mlogfile[0m=pipeline.log [34mmaxthreads[0m=4 [34mtag[0m=pipeline [34mversion[0m="v1.0.0(bigmuddy)"
[34mINFO[0m[2018-11-22 17:59:29.703252] Conductor starting up section                 [34mname[0m=conductor [34msection[0m=inspector [34mstage[0m="xport_output" [34mtag[0m=pipeline
[34mINFO[0m[2018-11-22 17:59:29.703313] Conductor starting up section                 [34mname[0m=conductor [34msection[0m=mymetrics [34mstage[0m="xport_output" [34mtag[0m=pipeline
[34mINFO[0m[2018-11-22 17:59:29.703330] Metamonitoring: serving pipeline metrics to prometheus  [34mname[0m=default [34mresource[0m="/metrics" [34mserver[0m=":8989" [34mtag[0m=pipeline
[34mINFO[0m[2018-11-22 17:59:29.703428] Starting up tap                               [34mcountonly[0m=false [34mfilename[0m="/data/dump.txt" [34mname[0m=inspector [34mstreamSpec[0m=&{2 <nil>} [34mtag[0m=pipeline
[34mINFO[0m[2018-11-22 17:59:32.021927] setup authentication                          [34mauthenticator[0m="http://localhost:8086" [34mname[0m=mymetrics [34mpem[0m= [34mtag[0m=pipeline [34musername[0m=fsedano
[34mINFO[0m[2018-11-22 17:59:32.022101] setup metrics collection                      [34mbasepath[0m="Cisco-IOS-XE-wireless-access-point-oper:access-point-oper-data/radio-oper-data" [34mname[0m=mymetrics [34mtag[0m=pipeline
[34mINFO[0m[2018-11-22 17:59:32.022184] Conductor starting up section                 [34mname[0m=conductor [34msection[0m=grpcdialout [34mstage[0m="xport_input" [34mtag[0m=pipeline
[34mINFO[0m[2018-11-22 17:59:32.022327] Setting up workers                            [34mdatabase[0m=vwlcdata [34minflux[0m="http://localhost:8086" [34mname[0m=mymetrics [34mtag[0m=pipeline [34mworkers[0m=1 [34mxport_type[0m=influx
[34mINFO[0m[2018-11-22 17:59:32.022687] gRPC starting block                           [34mencap[0m=gpb [34mname[0m=grpcdialout [34mserver[0m=:57500 [34mtag[0m=pipeline [34mtype[0m="pipeline is SERVER"
[34mINFO[0m[2018-11-22 17:59:32.022988] gRPC: Start accepting dialout sessions        [34mencap[0m=gpb [34mname[0m=grpcdialout [34mserver[0m=:57500 [34mtag[0m=pipeline [34mtype[0m="pipeline is SERVER"
[34mINFO[0m[2018-11-22 17:59:32.737660] gRPC: Receiving dialout stream                [34mencap[0m=gpb [34mname[0m=grpcdialout [34mpeer[0m="9.9.71.50:63214" [34mserver[0m=:57500 [34mtag[0m=pipeline [34mtype[0m="pipeline is SERVER"
[34mINFO[0m[2018-11-22 18:06:25.049607] gRPC: gRPC client loop, rxed SHUTDOWN, closing connections  [34mctrl_msg_id[0m=0 [34mencap[0m=gpb [34mname[0m=grpcdialout [34mserver[0m=:57500 [34mtag[0m=pipeline [34mtype[0m="pipeline is SERVER"
[34mINFO[0m[2018-11-22 18:06:25.049729] gRPC: Stop accepting dialout sessions         [34mencap[0m=gpb [34mname[0m=grpcdialout [34mserver[0m=:57500 [34mtag[0m=pipeline [34mtype[0m="pipeline is SERVER"
[34mINFO[0m[2018-11-22 18:06:25.049816] metrics producer rxed SHUTDOWN                [34mfile[0m="/data/metrics.json" [34mname[0m=mymetrics [34moutput[0m=influx [34mtag[0m=pipeline
[31mERRO[0m[2018-11-22 18:06:25.049891] gRPC: session error                           [31mencap[0m=gpb [31merror[0m="rpc error: code = 1 desc = context canceled" [31mname[0m=grpcdialout [31mserver[0m=:57500 [31mtag[0m=pipeline [31mtype[0m="pipeline is SERVER"
[34mINFO[0m[2018-11-22 18:06:25.049902] tap feeder loop, rxed SHUTDOWN                [34mcountonly[0m=false [34mfilename[0m="/data/dump.txt" [34mname[0m=inspector [34mstreamSpec[0m=&{2 <nil>} [34mtag[0m=pipeline
[34mINFO[0m[2018-11-22 18:06:25.049973] Goodbye                                       [34mtag[0m=pipeline
[34mINFO[0m[2018-11-22 18:16:33.361817] Conductor says hello, loading config          [34mconfig[0m=pipeline.conf [34mdebug[0m=false [34mfluentd[0m= [34mlogfile[0m=pipeline.log [34mmaxthreads[0m=4 [34mtag[0m=pipeline [34mversion[0m="v1.0.0(bigmuddy)"
[34mINFO[0m[2018-11-22 18:16:33.362735] Conductor starting up section                 [34mname[0m=conductor [34msection[0m=inspector [34mstage[0m="xport_output" [34mtag[0m=pipeline
[34mINFO[0m[2018-11-22 18:16:33.362779] Conductor starting up section                 [34mname[0m=conductor [34msection[0m=mymetrics [34mstage[0m="xport_output" [34mtag[0m=pipeline
[31mERRO[0m[2018-11-22 18:16:33.362836] file option: parsing JSON metric spec         [31merror[0m="invalid character '{' after array element" [31mfile[0m="/data/metrics.json" [31mname[0m=mymetrics [31mtag[0m=pipeline
[34mINFO[0m[2018-11-22 18:16:33.362805] Metamonitoring: serving pipeline metrics to prometheus  [34mname[0m=default [34mresource[0m="/metrics" [34mserver[0m=":8989" [34mtag[0m=pipeline
[31mERRO[0m[2018-11-22 18:16:33.362873] Conductor failed to start up section          [31merror[0m="invalid character '{' after array element" [31mname[0m=conductor [31msection[0m=mymetrics [31mstage[0m="xport_output" [31mtag[0m=pipeline
[34mINFO[0m[2018-11-22 18:16:33.362905] Conductor starting up section                 [34mname[0m=conductor [34msection[0m=grpcdialout [34mstage[0m="xport_input" [34mtag[0m=pipeline
[34mINFO[0m[2018-11-22 18:16:33.363289] gRPC starting block                           [34mencap[0m=gpb [34mname[0m=grpcdialout [34mserver[0m=:57500 [34mtag[0m=pipeline [34mtype[0m="pipeline is SERVER"
[34mINFO[0m[2018-11-22 18:16:33.363732] gRPC: Start accepting dialout sessions        [34mencap[0m=gpb [34mname[0m=grpcdialout [34mserver[0m=:57500 [34mtag[0m=pipeline [34mtype[0m="pipeline is SERVER"
[34mINFO[0m[2018-11-22 18:16:33.362921] Starting up tap                               [34mcountonly[0m=false [34mfilename[0m="/data/dump.txt" [34mname[0m=inspector [34mstreamSpec[0m=&{2 <nil>} [34mtag[0m=pipeline
[34mINFO[0m[2018-11-22 18:16:35.313933] gRPC: gRPC client loop, rxed SHUTDOWN, closing connections  [34mctrl_msg_id[0m=0 [34mencap[0m=gpb [34mname[0m=grpcdialout [34mserver[0m=:57500 [34mtag[0m=pipeline [34mtype[0m="pipeline is SERVER"
[34mINFO[0m[2018-11-22 18:16:35.313996] gRPC: Stop accepting dialout sessions         [34mencap[0m=gpb [34mname[0m=grpcdialout [34mserver[0m=:57500 [34mtag[0m=pipeline [34mtype[0m="pipeline is SERVER"
[34mINFO[0m[2018-11-22 18:16:35.314039] tap feeder loop, rxed SHUTDOWN                [34mcountonly[0m=false [34mfilename[0m="/data/dump.txt" [34mname[0m=inspector [34mstreamSpec[0m=&{2 <nil>} [34mtag[0m=pipeline
[34mINFO[0m[2018-11-22 18:16:35.314075] Goodbye                                       [34mtag[0m=pipeline
[34mINFO[0m[2018-11-22 18:16:55.155709] Conductor says hello, loading config          [34mconfig[0m=pipeline.conf [34mdebug[0m=false [34mfluentd[0m= [34mlogfile[0m=pipeline.log [34mmaxthreads[0m=4 [34mtag[0m=pipeline [34mversion[0m="v1.0.0(bigmuddy)"
[34mINFO[0m[2018-11-22 18:16:55.156646] Conductor starting up section                 [34mname[0m=conductor [34msection[0m=inspector [34mstage[0m="xport_output" [34mtag[0m=pipeline
[34mINFO[0m[2018-11-22 18:16:55.156687] Conductor starting up section                 [34mname[0m=conductor [34msection[0m=mymetrics [34mstage[0m="xport_output" [34mtag[0m=pipeline
[34mINFO[0m[2018-11-22 18:16:55.156717] Metamonitoring: serving pipeline metrics to prometheus  [34mname[0m=default [34mresource[0m="/metrics" [34mserver[0m=":8989" [34mtag[0m=pipeline
[34mINFO[0m[2018-11-22 18:16:55.156851] Starting up tap                               [34mcountonly[0m=false [34mfilename[0m="/data/dump.txt" [34mname[0m=inspector [34mstreamSpec[0m=&{2 <nil>} [34mtag[0m=pipeline
[34mINFO[0m[2018-11-22 18:17:13.975550] setup authentication                          [34mauthenticator[0m="http://localhost:8086" [34mname[0m=mymetrics [34mpem[0m= [34mtag[0m=pipeline [34musername[0m=fsedano
[34mINFO[0m[2018-11-22 18:17:13.975779] setup metrics collection                      [34mbasepath[0m="Cisco-IOS-XE-wireless-access-point-oper:access-point-oper-data/radio-oper-data" [34mname[0m=mymetrics [34mtag[0m=pipeline
[34mINFO[0m[2018-11-22 18:17:13.975825] setup metrics collection                      [34mbasepath[0m="Cisco-IOS-XE-wireless-access-point-oper:access-point-oper-data/ethernet-if-stats" [34mname[0m=mymetrics [34mtag[0m=pipeline
[34mINFO[0m[2018-11-22 18:17:13.975932] Conductor starting up section                 [34mname[0m=conductor [34msection[0m=grpcdialout [34mstage[0m="xport_input" [34mtag[0m=pipeline
[34mINFO[0m[2018-11-22 18:17:13.976066] Setting up workers                            [34mdatabase[0m=vwlcdata [34minflux[0m="http://localhost:8086" [34mname[0m=mymetrics [34mtag[0m=pipeline [34mworkers[0m=1 [34mxport_type[0m=influx
[34mINFO[0m[2018-11-22 18:17:13.976245] gRPC starting block                           [34mencap[0m=gpb [34mname[0m=grpcdialout [34mserver[0m=:57500 [34mtag[0m=pipeline [34mtype[0m="pipeline is SERVER"
[34mINFO[0m[2018-11-22 18:17:13.976544] gRPC: Start accepting dialout sessions        [34mencap[0m=gpb [34mname[0m=grpcdialout [34mserver[0m=:57500 [34mtag[0m=pipeline [34mtype[0m="pipeline is SERVER"
[34mINFO[0m[2018-11-22 18:17:25.166114] gRPC: Receiving dialout stream                [34mencap[0m=gpb [34mname[0m=grpcdialout [34mpeer[0m="9.9.71.50:59133" [34mserver[0m=:57500 [34mtag[0m=pipeline [34mtype[0m="pipeline is SERVER"
[34mINFO[0m[2018-11-22 18:17:25.166684] gRPC: Receiving dialout stream                [34mencap[0m=gpb [34mname[0m=grpcdialout [34mpeer[0m="9.9.71.50:59133" [34mserver[0m=:57500 [34mtag[0m=pipeline [34mtype[0m="pipeline is SERVER"
[34mINFO[0m[2018-11-23 15:11:49.873558] Conductor says hello, loading config          [34mconfig[0m=pipeline.conf [34mdebug[0m=false [34mfluentd[0m= [34mlogfile[0m=pipeline.log [34mmaxthreads[0m=4 [34mtag[0m=pipeline [34mversion[0m="v1.0.0(bigmuddy)"
[34mINFO[0m[2018-11-23 15:11:49.874373] Conductor starting up section                 [34mname[0m=conductor [34msection[0m=inspector [34mstage[0m="xport_output" [34mtag[0m=pipeline
[34mINFO[0m[2018-11-23 15:11:49.874413] Conductor starting up section                 [34mname[0m=conductor [34msection[0m=mymetrics [34mstage[0m="xport_output" [34mtag[0m=pipeline
[34mINFO[0m[2018-11-23 15:11:49.874536] Starting up tap                               [34mcountonly[0m=false [34mfilename[0m="/data/dump.txt" [34mname[0m=inspector [34mstreamSpec[0m=&{2 <nil>} [34mtag[0m=pipeline
[34mINFO[0m[2018-11-23 15:11:49.874485] Metamonitoring: serving pipeline metrics to prometheus  [34mname[0m=default [34mresource[0m="/metrics" [34mserver[0m=":8989" [34mtag[0m=pipeline
[34mINFO[0m[2018-11-23 15:11:52.722657] setup authentication                          [34mauthenticator[0m="http://localhost:8086" [34mname[0m=mymetrics [34mpem[0m= [34mtag[0m=pipeline [34musername[0m=fsedano
[34mINFO[0m[2018-11-23 15:11:52.722800] setup metrics collection                      [34mbasepath[0m="Cisco-IOS-XE-wireless-access-point-oper:access-point-oper-data/radio-oper-data" [34mname[0m=mymetrics [34mtag[0m=pipeline
[34mINFO[0m[2018-11-23 15:11:52.722841] setup metrics collection                      [34mbasepath[0m="Cisco-IOS-XE-wireless-access-point-oper:access-point-oper-data/ethernet-if-stats" [34mname[0m=mymetrics [34mtag[0m=pipeline
[34mINFO[0m[2018-11-23 15:11:52.722898] Conductor starting up section                 [34mname[0m=conductor [34msection[0m=grpcdialout [34mstage[0m="xport_input" [34mtag[0m=pipeline
[34mINFO[0m[2018-11-23 15:11:52.723079] Setting up workers                            [34mdatabase[0m=vwlcdata [34minflux[0m="http://localhost:8086" [34mname[0m=mymetrics [34mtag[0m=pipeline [34mworkers[0m=1 [34mxport_type[0m=influx
[34mINFO[0m[2018-11-23 15:11:52.723203] gRPC starting block                           [34mencap[0m=gpb [34mname[0m=grpcdialout [34mserver[0m=:57500 [34mtag[0m=pipeline [34mtype[0m="pipeline is SERVER"
[34mINFO[0m[2018-11-23 15:11:52.723450] gRPC: Start accepting dialout sessions        [34mencap[0m=gpb [34mname[0m=grpcdialout [34mserver[0m=:57500 [34mtag[0m=pipeline [34mtype[0m="pipeline is SERVER"
[34mINFO[0m[2018-11-23 15:12:07.769332] gRPC: Receiving dialout stream                [34mencap[0m=gpb [34mname[0m=grpcdialout [34mpeer[0m="9.9.71.50:55754" [34mserver[0m=:57500 [34mtag[0m=pipeline [34mtype[0m="pipeline is SERVER"
[34mINFO[0m[2018-11-23 15:12:07.770294] gRPC: Receiving dialout stream                [34mencap[0m=gpb [34mname[0m=grpcdialout [34mpeer[0m="9.9.71.50:55754" [34mserver[0m=:57500 [34mtag[0m=pipeline [34mtype[0m="pipeline is SERVER"
[34mINFO[0m[2018-11-23 15:12:57.674845] gRPC: gRPC client loop, rxed SHUTDOWN, closing connections  [34mctrl_msg_id[0m=0 [34mencap[0m=gpb [34mname[0m=grpcdialout [34mserver[0m=:57500 [34mtag[0m=pipeline [34mtype[0m="pipeline is SERVER"
[34mINFO[0m[2018-11-23 15:12:57.674978] gRPC: Stop accepting dialout sessions         [34mencap[0m=gpb [34mname[0m=grpcdialout [34mserver[0m=:57500 [34mtag[0m=pipeline [34mtype[0m="pipeline is SERVER"
[34mINFO[0m[2018-11-23 15:12:57.675098] tap feeder loop, rxed SHUTDOWN                [34mcountonly[0m=false [34mfilename[0m="/data/dump.txt" [34mname[0m=inspector [34mstreamSpec[0m=&{2 <nil>} [34mtag[0m=pipeline
[34mINFO[0m[2018-11-23 15:12:57.675182] metrics producer rxed SHUTDOWN                [34mfile[0m="/data/metrics.json" [34mname[0m=mymetrics [34moutput[0m=influx [34mtag[0m=pipeline
[34mINFO[0m[2018-11-23 15:12:57.675960] Goodbye                                       [34mtag[0m=pipeline
[34mINFO[0m[2018-11-23 15:13:10.219904] Conductor says hello, loading config          [34mconfig[0m=pipeline.conf [34mdebug[0m=false [34mfluentd[0m= [34mlogfile[0m=pipeline.log [34mmaxthreads[0m=4 [34mtag[0m=pipeline [34mversion[0m="v1.0.0(bigmuddy)"
[34mINFO[0m[2018-11-23 15:13:10.220827] Conductor starting up section                 [34mname[0m=conductor [34msection[0m=mymetrics [34mstage[0m="xport_output" [34mtag[0m=pipeline
[34mINFO[0m[2018-11-23 15:13:10.220889] Metamonitoring: serving pipeline metrics to prometheus  [34mname[0m=default [34mresource[0m="/metrics" [34mserver[0m=":8989" [34mtag[0m=pipeline
[34mINFO[0m[2018-11-23 15:13:12.417886] setup authentication                          [34mauthenticator[0m="http://localhost:8086" [34mname[0m=mymetrics [34mpem[0m= [34mtag[0m=pipeline [34musername[0m=fsedano
[34mINFO[0m[2018-11-23 15:13:12.418259] setup metrics collection                      [34mbasepath[0m="Cisco-IOS-XE-wireless-access-point-oper:access-point-oper-data/radio-oper-data" [34mname[0m=mymetrics [34mtag[0m=pipeline
[34mINFO[0m[2018-11-23 15:13:12.418404] setup metrics collection                      [34mbasepath[0m="Cisco-IOS-XE-wireless-access-point-oper:access-point-oper-data/ethernet-if-stats" [34mname[0m=mymetrics [34mtag[0m=pipeline
[34mINFO[0m[2018-11-23 15:13:12.418575] Conductor starting up section                 [34mname[0m=conductor [34msection[0m=inspector [34mstage[0m="xport_output" [34mtag[0m=pipeline
[34mINFO[0m[2018-11-23 15:13:12.418654] Setting up workers                            [34mdatabase[0m=vwlcdata [34minflux[0m="http://localhost:8086" [34mname[0m=mymetrics [34mtag[0m=pipeline [34mworkers[0m=1 [34mxport_type[0m=influx
[34mINFO[0m[2018-11-23 15:13:12.418743] Conductor starting up section                 [34mname[0m=conductor [34msection[0m=grpcdialout [34mstage[0m="xport_input" [34mtag[0m=pipeline
[34mINFO[0m[2018-11-23 15:13:12.419098] gRPC starting block                           [34mencap[0m=gpb [34mname[0m=grpcdialout [34mserver[0m=:57500 [34mtag[0m=pipeline [34mtype[0m="pipeline is SERVER"
[34mINFO[0m[2018-11-23 15:13:12.419352] gRPC: Start accepting dialout sessions        [34mencap[0m=gpb [34mname[0m=grpcdialout [34mserver[0m=:57500 [34mtag[0m=pipeline [34mtype[0m="pipeline is SERVER"
[34mINFO[0m[2018-11-23 15:13:12.419289] Starting up tap                               [34mcountonly[0m=false [34mfilename[0m="/data/dump.txt" [34mname[0m=inspector [34mstreamSpec[0m=&{2 <nil>} [34mtag[0m=pipeline
[34mINFO[0m[2018-11-23 15:13:17.686992] gRPC: Receiving dialout stream                [34mencap[0m=gpb [34mname[0m=grpcdialout [34mpeer[0m="9.9.71.50:57870" [34mserver[0m=:57500 [34mtag[0m=pipeline [34mtype[0m="pipeline is SERVER"
[34mINFO[0m[2018-11-23 15:13:17.687658] gRPC: Receiving dialout stream                [34mencap[0m=gpb [34mname[0m=grpcdialout [34mpeer[0m="9.9.71.50:57870" [34mserver[0m=:57500 [34mtag[0m=pipeline [34mtype[0m="pipeline is SERVER"
[31mERRO[0m[2018-11-23 15:18:47.718469] exit loop handling messages, will reconnect   [31mdatabase[0m=vwlcdata [31merror[0m="Post http://localhost:8086/write?consistency=&db=vwlcdata&precision=ms&rp=: dial tcp [::1]:8086: getsockopt: connection refused" [31merror_tag[0m="failed to write batch point" [31minflux[0m="http://localhost:8086" [31mname[0m=mymetrics [31mtag[0m=pipeline [31mwkid[0m=0 [31mworkers[0m=1 [31mxport_type[0m=influx
[31mERRO[0m[2018-11-23 15:18:49.719818] exit loop handling messages, will reconnect   [31mdatabase[0m=vwlcdata [31merror[0m="Post http://localhost:8086/write?consistency=&db=vwlcdata&precision=ms&rp=: dial tcp [::1]:8086: getsockopt: connection refused" [31merror_tag[0m="failed to write batch point" [31minflux[0m="http://localhost:8086" [31mname[0m=mymetrics [31mtag[0m=pipeline [31mwkid[0m=0 [31mworkers[0m=1 [31mxport_type[0m=influx
[31mERRO[0m[2018-11-23 15:18:57.717962] exit loop handling messages, will reconnect   [31mdatabase[0m=vwlcdata [31merror[0m="Post http://localhost:8086/write?consistency=&db=vwlcdata&precision=ms&rp=: dial tcp [::1]:8086: getsockopt: connection refused" [31merror_tag[0m="failed to write batch point" [31minflux[0m="http://localhost:8086" [31mname[0m=mymetrics [31mtag[0m=pipeline [31mwkid[0m=0 [31mworkers[0m=1 [31mxport_type[0m=influx
[31mERRO[0m[2018-11-23 15:18:59.720114] exit loop handling messages, will reconnect   [31mdatabase[0m=vwlcdata [31merror[0m="Post http://localhost:8086/write?consistency=&db=vwlcdata&precision=ms&rp=: dial tcp [::1]:8086: getsockopt: connection refused" [31merror_tag[0m="failed to write batch point" [31minflux[0m="http://localhost:8086" [31mname[0m=mymetrics [31mtag[0m=pipeline [31mwkid[0m=0 [31mworkers[0m=1 [31mxport_type[0m=influx
[31mERRO[0m[2018-11-23 15:19:07.718304] exit loop handling messages, will reconnect   [31mdatabase[0m=vwlcdata [31merror[0m="Post http://localhost:8086/write?consistency=&db=vwlcdata&precision=ms&rp=: dial tcp [::1]:8086: getsockopt: connection refused" [31merror_tag[0m="failed to write batch point" [31minflux[0m="http://localhost:8086" [31mname[0m=mymetrics [31mtag[0m=pipeline [31mwkid[0m=0 [31mworkers[0m=1 [31mxport_type[0m=influx
[31mERRO[0m[2018-11-23 15:19:09.719747] exit loop handling messages, will reconnect   [31mdatabase[0m=vwlcdata [31merror[0m="Post http://localhost:8086/write?consistency=&db=vwlcdata&precision=ms&rp=: dial tcp [::1]:8086: getsockopt: connection refused" [31merror_tag[0m="failed to write batch point" [31minflux[0m="http://localhost:8086" [31mname[0m=mymetrics [31mtag[0m=pipeline [31mwkid[0m=0 [31mworkers[0m=1 [31mxport_type[0m=influx
[31mERRO[0m[2018-11-23 15:19:17.718781] exit loop handling messages, will reconnect   [31mdatabase[0m=vwlcdata [31merror[0m="Post http://localhost:8086/write?consistency=&db=vwlcdata&precision=ms&rp=: dial tcp [::1]:8086: getsockopt: connection refused" [31merror_tag[0m="failed to write batch point" [31minflux[0m="http://localhost:8086" [31mname[0m=mymetrics [31mtag[0m=pipeline [31mwkid[0m=0 [31mworkers[0m=1 [31mxport_type[0m=influx
[31mERRO[0m[2018-11-23 15:19:19.720300] exit loop handling messages, will reconnect   [31mdatabase[0m=vwlcdata [31merror[0m="Post http://localhost:8086/write?consistency=&db=vwlcdata&precision=ms&rp=: dial tcp [::1]:8086: getsockopt: connection refused" [31merror_tag[0m="failed to write batch point" [31minflux[0m="http://localhost:8086" [31mname[0m=mymetrics [31mtag[0m=pipeline [31mwkid[0m=0 [31mworkers[0m=1 [31mxport_type[0m=influx
[31mERRO[0m[2018-11-23 15:19:27.718864] exit loop handling messages, will reconnect   [31mdatabase[0m=vwlcdata [31merror[0m="Post http://localhost:8086/write?consistency=&db=vwlcdata&precision=ms&rp=: dial tcp [::1]:8086: getsockopt: connection refused" [31merror_tag[0m="failed to write batch point" [31minflux[0m="http://localhost:8086" [31mname[0m=mymetrics [31mtag[0m=pipeline [31mwkid[0m=0 [31mworkers[0m=1 [31mxport_type[0m=influx
[31mERRO[0m[2018-11-23 15:19:29.720923] exit loop handling messages, will reconnect   [31mdatabase[0m=vwlcdata [31merror[0m="Post http://localhost:8086/write?consistency=&db=vwlcdata&precision=ms&rp=: dial tcp [::1]:8086: getsockopt: connection refused" [31merror_tag[0m="failed to write batch point" [31minflux[0m="http://localhost:8086" [31mname[0m=mymetrics [31mtag[0m=pipeline [31mwkid[0m=0 [31mworkers[0m=1 [31mxport_type[0m=influx
[34mINFO[0m[2018-11-23 15:19:33.289708] gRPC: gRPC client loop, rxed SHUTDOWN, closing connections  [34mctrl_msg_id[0m=0 [34mencap[0m=gpb [34mname[0m=grpcdialout [34mserver[0m=:57500 [34mtag[0m=pipeline [34mtype[0m="pipeline is SERVER"
[34mINFO[0m[2018-11-23 15:19:33.289816] gRPC: Stop accepting dialout sessions         [34mencap[0m=gpb [34mname[0m=grpcdialout [34mserver[0m=:57500 [34mtag[0m=pipeline [34mtype[0m="pipeline is SERVER"
[34mINFO[0m[2018-11-23 15:19:33.289923] metrics producer rxed SHUTDOWN                [34mfile[0m="/data/metrics.json" [34mname[0m=mymetrics [34moutput[0m=influx [34mtag[0m=pipeline
[34mINFO[0m[2018-11-23 15:19:33.289991] tap feeder loop, rxed SHUTDOWN                [34mcountonly[0m=false [34mfilename[0m="/data/dump.txt" [34mname[0m=inspector [34mstreamSpec[0m=&{2 <nil>} [34mtag[0m=pipeline
[31mERRO[0m[2018-11-23 15:19:33.289991] gRPC: session error                           [31mencap[0m=gpb [31merror[0m="rpc error: code = 1 desc = context canceled" [31mname[0m=grpcdialout [31mserver[0m=:57500 [31mtag[0m=pipeline [31mtype[0m="pipeline is SERVER"
[34mINFO[0m[2018-11-23 15:19:33.290036] Goodbye                                       [34mtag[0m=pipeline
[34mINFO[0m[2018-11-23 15:26:23.754807] Conductor says hello, loading config          [34mconfig[0m=pipeline.conf [34mdebug[0m=false [34mfluentd[0m= [34mlogfile[0m=pipeline.log [34mmaxthreads[0m=4 [34mtag[0m=pipeline [34mversion[0m="v1.0.0(bigmuddy)"
[34mINFO[0m[2018-11-23 15:26:23.755900] Conductor starting up section                 [34mname[0m=conductor [34msection[0m=mymetrics [34mstage[0m="xport_output" [34mtag[0m=pipeline
[34mINFO[0m[2018-11-23 15:26:23.756035] Metamonitoring: serving pipeline metrics to prometheus  [34mname[0m=default [34mresource[0m="/metrics" [34mserver[0m=":8989" [34mtag[0m=pipeline
[34mINFO[0m[2018-11-23 15:26:26.112478] setup authentication                          [34mauthenticator[0m="http://localhost:8086" [34mname[0m=mymetrics [34mpem[0m= [34mtag[0m=pipeline [34musername[0m=fsedano
[34mINFO[0m[2018-11-23 15:26:26.112685] setup metrics collection                      [34mbasepath[0m="Cisco-IOS-XE-wireless-access-point-oper:access-point-oper-data/radio-oper-data" [34mname[0m=mymetrics [34mtag[0m=pipeline
[34mINFO[0m[2018-11-23 15:26:26.112745] setup metrics collection                      [34mbasepath[0m="Cisco-IOS-XE-wireless-access-point-oper:access-point-oper-data/ethernet-if-stats" [34mname[0m=mymetrics [34mtag[0m=pipeline
[34mINFO[0m[2018-11-23 15:26:26.112842] Conductor starting up section                 [34mname[0m=conductor [34msection[0m=inspector [34mstage[0m="xport_output" [34mtag[0m=pipeline
[34mINFO[0m[2018-11-23 15:26:26.112932] Conductor starting up section                 [34mname[0m=conductor [34msection[0m=grpcdialout [34mstage[0m="xport_input" [34mtag[0m=pipeline
[34mINFO[0m[2018-11-23 15:26:26.113070] Setting up workers                            [34mdatabase[0m=vwlcdata [34minflux[0m="http://localhost:8086" [34mname[0m=mymetrics [34mtag[0m=pipeline [34mworkers[0m=1 [34mxport_type[0m=influx
[34mINFO[0m[2018-11-23 15:26:26.113417] Starting up tap                               [34mcountonly[0m=false [34mfilename[0m="/data/dump.txt" [34mname[0m=inspector [34mstreamSpec[0m=&{2 <nil>} [34mtag[0m=pipeline
[34mINFO[0m[2018-11-23 15:26:26.113830] gRPC starting block                           [34mencap[0m=gpb [34mname[0m=grpcdialout [34mserver[0m=:57500 [34mtag[0m=pipeline [34mtype[0m="pipeline is SERVER"
[34mINFO[0m[2018-11-23 15:26:26.114229] gRPC: Start accepting dialout sessions        [34mencap[0m=gpb [34mname[0m=grpcdialout [34mserver[0m=:57500 [34mtag[0m=pipeline [34mtype[0m="pipeline is SERVER"
[34mINFO[0m[2018-11-23 15:26:33.371306] gRPC: Receiving dialout stream                [34mencap[0m=gpb [34mname[0m=grpcdialout [34mpeer[0m="9.9.71.50:60580" [34mserver[0m=:57500 [34mtag[0m=pipeline [34mtype[0m="pipeline is SERVER"
[34mINFO[0m[2018-11-23 15:26:33.371533] gRPC: Receiving dialout stream                [34mencap[0m=gpb [34mname[0m=grpcdialout [34mpeer[0m="9.9.71.50:60580" [34mserver[0m=:57500 [34mtag[0m=pipeline [34mtype[0m="pipeline is SERVER"
[34mINFO[0m[2018-11-23 15:36:31.384796] gRPC: gRPC client loop, rxed SHUTDOWN, closing connections  [34mctrl_msg_id[0m=0 [34mencap[0m=gpb [34mname[0m=grpcdialout [34mserver[0m=:57500 [34mtag[0m=pipeline [34mtype[0m="pipeline is SERVER"
[34mINFO[0m[2018-11-23 15:36:31.384935] gRPC: Stop accepting dialout sessions         [34mencap[0m=gpb [34mname[0m=grpcdialout [34mserver[0m=:57500 [34mtag[0m=pipeline [34mtype[0m="pipeline is SERVER"
[34mINFO[0m[2018-11-23 15:36:31.385048] metrics producer rxed SHUTDOWN                [34mfile[0m="/data/metrics.json" [34mname[0m=mymetrics [34moutput[0m=influx [34mtag[0m=pipeline
[31mERRO[0m[2018-11-23 15:36:31.385055] gRPC: session error                           [31mencap[0m=gpb [31merror[0m="rpc error: code = 1 desc = context canceled" [31mname[0m=grpcdialout [31mserver[0m=:57500 [31mtag[0m=pipeline [31mtype[0m="pipeline is SERVER"
[31mERRO[0m[2018-11-23 15:36:31.385164] gRPC: session error                           [31mencap[0m=gpb [31merror[0m="rpc error: code = 1 desc = context canceled" [31mname[0m=grpcdialout [31mserver[0m=:57500 [31mtag[0m=pipeline [31mtype[0m="pipeline is SERVER"
[34mINFO[0m[2018-11-23 15:36:31.385327] tap feeder loop, rxed SHUTDOWN                [34mcountonly[0m=false [34mfilename[0m="/data/dump.txt" [34mname[0m=inspector [34mstreamSpec[0m=&{2 <nil>} [34mtag[0m=pipeline
[34mINFO[0m[2018-11-23 15:36:31.385566] Goodbye                                       [34mtag[0m=pipeline
[34mINFO[0m[2018-11-23 15:37:08.463273] Conductor says hello, loading config          [34mconfig[0m=pipeline.conf [34mdebug[0m=false [34mfluentd[0m= [34mlogfile[0m=pipeline.log [34mmaxthreads[0m=4 [34mtag[0m=pipeline [34mversion[0m="v1.0.0(bigmuddy)"
[34mINFO[0m[2018-11-23 15:37:08.464116] Conductor starting up section                 [34mname[0m=conductor [34msection[0m=inspector [34mstage[0m="xport_output" [34mtag[0m=pipeline
[34mINFO[0m[2018-11-23 15:37:08.464177] Conductor starting up section                 [34mname[0m=conductor [34msection[0m=mymetrics [34mstage[0m="xport_output" [34mtag[0m=pipeline
[34mINFO[0m[2018-11-23 15:37:08.464323] Starting up tap                               [34mcountonly[0m=false [34mfilename[0m="/data/dump.txt" [34mname[0m=inspector [34mstreamSpec[0m=&{2 <nil>} [34mtag[0m=pipeline
[34mINFO[0m[2018-11-23 15:37:08.464221] Metamonitoring: serving pipeline metrics to prometheus  [34mname[0m=default [34mresource[0m="/metrics" [34mserver[0m=":8989" [34mtag[0m=pipeline
[31mERRO[0m[2018-11-23 15:37:11.905874] failed to setup authentication                [31mauthenticator[0m="http://localhost:8086" [31merror[0m="Private key parse failure: Read key data not in PEM format" [31mname[0m=mymetrics [31mtag[0m=pipeline
[31mERRO[0m[2018-11-23 15:37:11.905937] failed to collect credentials required for influx  [31mdatabase[0m=vwlcdata [31merror[0m="Private key parse failure: Read key data not in PEM format" [31minflux[0m="http://localhost:8086" [31mname[0m=mymetrics [31mtag[0m=pipeline [31mxport_type[0m=influx
[31mERRO[0m[2018-11-23 15:37:11.905968] Conductor failed to start up section          [31merror[0m="Private key parse failure: Read key data not in PEM format" [31mname[0m=conductor [31msection[0m=mymetrics [31mstage[0m="xport_output" [31mtag[0m=pipeline
[34mINFO[0m[2018-11-23 15:37:11.906038] Conductor starting up section                 [34mname[0m=conductor [34msection[0m=grpcdialout [34mstage[0m="xport_input" [34mtag[0m=pipeline
[34mINFO[0m[2018-11-23 15:37:11.906346] gRPC starting block                           [34mencap[0m=gpb [34mname[0m=grpcdialout [34mserver[0m=:57500 [34mtag[0m=pipeline [34mtype[0m="pipeline is SERVER"
[34mINFO[0m[2018-11-23 15:37:11.906641] gRPC: Start accepting dialout sessions        [34mencap[0m=gpb [34mname[0m=grpcdialout [34mserver[0m=:57500 [34mtag[0m=pipeline [34mtype[0m="pipeline is SERVER"
[34mINFO[0m[2018-11-23 15:37:15.445160] gRPC: gRPC client loop, rxed SHUTDOWN, closing connections  [34mctrl_msg_id[0m=0 [34mencap[0m=gpb [34mname[0m=grpcdialout [34mserver[0m=:57500 [34mtag[0m=pipeline [34mtype[0m="pipeline is SERVER"
[34mINFO[0m[2018-11-23 15:37:15.445294] gRPC: Stop accepting dialout sessions         [34mencap[0m=gpb [34mname[0m=grpcdialout [34mserver[0m=:57500 [34mtag[0m=pipeline [34mtype[0m="pipeline is SERVER"
[34mINFO[0m[2018-11-23 15:37:15.445350] tap feeder loop, rxed SHUTDOWN                [34mcountonly[0m=false [34mfilename[0m="/data/dump.txt" [34mname[0m=inspector [34mstreamSpec[0m=&{2 <nil>} [34mtag[0m=pipeline
[34mINFO[0m[2018-11-23 15:37:15.445397] Goodbye                                       [34mtag[0m=pipeline
[34mINFO[0m[2018-11-23 15:37:17.704612] Conductor says hello, loading config          [34mconfig[0m=pipeline.conf [34mdebug[0m=false [34mfluentd[0m= [34mlogfile[0m=pipeline.log [34mmaxthreads[0m=4 [34mtag[0m=pipeline [34mversion[0m="v1.0.0(bigmuddy)"
[34mINFO[0m[2018-11-23 15:37:17.705640] Conductor starting up section                 [34mname[0m=conductor [34msection[0m=inspector [34mstage[0m="xport_output" [34mtag[0m=pipeline
[34mINFO[0m[2018-11-23 15:37:17.705682] Conductor starting up section                 [34mname[0m=conductor [34msection[0m=mymetrics [34mstage[0m="xport_output" [34mtag[0m=pipeline
[34mINFO[0m[2018-11-23 15:37:17.705706] Metamonitoring: serving pipeline metrics to prometheus  [34mname[0m=default [34mresource[0m="/metrics" [34mserver[0m=":8989" [34mtag[0m=pipeline
[34mINFO[0m[2018-11-23 15:37:17.705857] Starting up tap                               [34mcountonly[0m=false [34mfilename[0m="/data/dump.txt" [34mname[0m=inspector [34mstreamSpec[0m=&{2 <nil>} [34mtag[0m=pipeline
[34mINFO[0m[2018-11-23 15:37:20.519884] setup authentication                          [34mauthenticator[0m="http://localhost:8086" [34mname[0m=mymetrics [34mpem[0m="/root/.ssh/id_rsa" [34mtag[0m=pipeline [34musername[0m=fsedano
[34mINFO[0m[2018-11-23 15:37:20.520047] setup metrics collection                      [34mbasepath[0m="Cisco-IOS-XE-wireless-access-point-oper:access-point-oper-data/radio-oper-data" [34mname[0m=mymetrics [34mtag[0m=pipeline
[34mINFO[0m[2018-11-23 15:37:20.520116] setup metrics collection                      [34mbasepath[0m="Cisco-IOS-XE-wireless-access-point-oper:access-point-oper-data/ethernet-if-stats" [34mname[0m=mymetrics [34mtag[0m=pipeline
[34mINFO[0m[2018-11-23 15:37:20.520191] Conductor starting up section                 [34mname[0m=conductor [34msection[0m=grpcdialout [34mstage[0m="xport_input" [34mtag[0m=pipeline
[34mINFO[0m[2018-11-23 15:37:20.520503] gRPC starting block                           [34mencap[0m=gpb [34mname[0m=grpcdialout [34mserver[0m=:57500 [34mtag[0m=pipeline [34mtype[0m="pipeline is SERVER"
[34mINFO[0m[2018-11-23 15:37:20.520420] Setting up workers                            [34mdatabase[0m=vwlcdata [34minflux[0m="http://localhost:8086" [34mname[0m=mymetrics [34mtag[0m=pipeline [34mworkers[0m=1 [34mxport_type[0m=influx
[34mINFO[0m[2018-11-23 15:37:20.520721] gRPC: Start accepting dialout sessions        [34mencap[0m=gpb [34mname[0m=grpcdialout [34mserver[0m=:57500 [34mtag[0m=pipeline [34mtype[0m="pipeline is SERVER"
[34mINFO[0m[2018-11-23 15:37:24.144009] gRPC: gRPC client loop, rxed SHUTDOWN, closing connections  [34mctrl_msg_id[0m=0 [34mencap[0m=gpb [34mname[0m=grpcdialout [34mserver[0m=:57500 [34mtag[0m=pipeline [34mtype[0m="pipeline is SERVER"
[34mINFO[0m[2018-11-23 15:37:24.144117] gRPC: Stop accepting dialout sessions         [34mencap[0m=gpb [34mname[0m=grpcdialout [34mserver[0m=:57500 [34mtag[0m=pipeline [34mtype[0m="pipeline is SERVER"
[34mINFO[0m[2018-11-23 15:37:24.144197] tap feeder loop, rxed SHUTDOWN                [34mcountonly[0m=false [34mfilename[0m="/data/dump.txt" [34mname[0m=inspector [34mstreamSpec[0m=&{2 <nil>} [34mtag[0m=pipeline
[34mINFO[0m[2018-11-23 15:37:24.144263] metrics producer rxed SHUTDOWN                [34mfile[0m="/data/metrics.json" [34mname[0m=mymetrics [34moutput[0m=influx [34mtag[0m=pipeline
[34mINFO[0m[2018-11-23 15:37:24.144401] Goodbye                                       [34mtag[0m=pipeline
[34mINFO[0m[2018-11-23 15:37:35.310747] Conductor says hello, loading config          [34mconfig[0m="pipeline.conf_REWRITTEN" [34mdebug[0m=false [34mfluentd[0m= [34mlogfile[0m=pipeline.log [34mmaxthreads[0m=4 [34mtag[0m=pipeline [34mversion[0m="v1.0.0(bigmuddy)"
[34mINFO[0m[2018-11-23 15:37:35.311720] Conductor starting up section                 [34mname[0m=conductor [34msection[0m=inspector [34mstage[0m="xport_output" [34mtag[0m=pipeline
[34mINFO[0m[2018-11-23 15:37:35.311765] Conductor starting up section                 [34mname[0m=conductor [34msection[0m=mymetrics [34mstage[0m="xport_output" [34mtag[0m=pipeline
[34mINFO[0m[2018-11-23 15:37:35.311777] Metamonitoring: serving pipeline metrics to prometheus  [34mname[0m=default [34mresource[0m="/metrics" [34mserver[0m=":8989" [34mtag[0m=pipeline
[34mINFO[0m[2018-11-23 15:37:35.311913] Starting up tap                               [34mcountonly[0m=false [34mfilename[0m="/data/dump.txt" [34mname[0m=inspector [34mstreamSpec[0m=&{2 <nil>} [34mtag[0m=pipeline
[34mINFO[0m[2018-11-23 15:37:35.316156] setup authentication                          [34mauthenticator[0m="http://localhost:8086" [34mname[0m=mymetrics [34mpem[0m="/root/.ssh/id_rsa" [34mtag[0m=pipeline [34musername[0m=fsedano
[34mINFO[0m[2018-11-23 15:37:35.316289] setup metrics collection                      [34mbasepath[0m="Cisco-IOS-XE-wireless-access-point-oper:access-point-oper-data/radio-oper-data" [34mname[0m=mymetrics [34mtag[0m=pipeline
[34mINFO[0m[2018-11-23 15:37:35.316341] setup metrics collection                      [34mbasepath[0m="Cisco-IOS-XE-wireless-access-point-oper:access-point-oper-data/ethernet-if-stats" [34mname[0m=mymetrics [34mtag[0m=pipeline
[34mINFO[0m[2018-11-23 15:37:35.316393] Conductor starting up section                 [34mname[0m=conductor [34msection[0m=grpcdialout [34mstage[0m="xport_input" [34mtag[0m=pipeline
[34mINFO[0m[2018-11-23 15:37:35.316553] Setting up workers                            [34mdatabase[0m=vwlcdata [34minflux[0m="http://localhost:8086" [34mname[0m=mymetrics [34mtag[0m=pipeline [34mworkers[0m=1 [34mxport_type[0m=influx
[34mINFO[0m[2018-11-23 15:37:35.316650] gRPC starting block                           [34mencap[0m=gpb [34mname[0m=grpcdialout [34mserver[0m=:57500 [34mtag[0m=pipeline [34mtype[0m="pipeline is SERVER"
[34mINFO[0m[2018-11-23 15:37:35.316879] gRPC: Start accepting dialout sessions        [34mencap[0m=gpb [34mname[0m=grpcdialout [34mserver[0m=:57500 [34mtag[0m=pipeline [34mtype[0m="pipeline is SERVER"
[34mINFO[0m[2018-11-23 15:37:43.886740] gRPC: gRPC client loop, rxed SHUTDOWN, closing connections  [34mctrl_msg_id[0m=0 [34mencap[0m=gpb [34mname[0m=grpcdialout [34mserver[0m=:57500 [34mtag[0m=pipeline [34mtype[0m="pipeline is SERVER"
[34mINFO[0m[2018-11-23 15:37:43.886917] gRPC: Stop accepting dialout sessions         [34mencap[0m=gpb [34mname[0m=grpcdialout [34mserver[0m=:57500 [34mtag[0m=pipeline [34mtype[0m="pipeline is SERVER"
[34mINFO[0m[2018-11-23 15:37:43.886996] metrics producer rxed SHUTDOWN                [34mfile[0m="/data/metrics.json" [34mname[0m=mymetrics [34moutput[0m=influx [34mtag[0m=pipeline
[34mINFO[0m[2018-11-23 15:37:43.887126] tap feeder loop, rxed SHUTDOWN                [34mcountonly[0m=false [34mfilename[0m="/data/dump.txt" [34mname[0m=inspector [34mstreamSpec[0m=&{2 <nil>} [34mtag[0m=pipeline
[34mINFO[0m[2018-11-23 15:37:43.887172] Goodbye                                       [34mtag[0m=pipeline
